<?xml version="1.0" encoding="UTF-8"?>
<!-- Generated by org.testng.reporters.JUnitReportReporter -->
<testsuite hostname="s" failures="0" tests="9" name="TestNGframeworkpractise.GroupingTestCases" time="0.118" errors="0" timestamp="2023-11-10T15:23:48 IST" skipped="0">
  <testcase classname="TestNGframeworkpractise.GroupingTestCases" name="startup" time="0.028"/>
  <testcase classname="TestNGframeworkpractise.GroupingTestCases" name="enter" time="0.004"/>
  <testcase classname="TestNGframeworkpractise.GroupingTestCases" name="login" time="0.011"/>
  <testcase classname="TestNGframeworkpractise.GroupingTestCases" name="username" time="0.008"/>
  <testcase classname="TestNGframeworkpractise.GroupingTestCases" name="password" time="0.024"/>
  <testcase classname="TestNGframeworkpractise.GroupingTestCases" name="LoginButton" time="0.009"/>
  <testcase classname="TestNGframeworkpractise.GroupingTestCases" name="EnterIntoLoginPage" time="0.023"/>
  <testcase classname="TestNGframeworkpractise.GroupingTestCases" name="Functionality" time="0.006"/>
  <testcase classname="TestNGframeworkpractise.GroupingTestCases" name="logout" time="0.005"/>
</testsuite> <!-- TestNGframeworkpractise.GroupingTestCases -->
