<?xml version="1.0" encoding="UTF-8"?>
<!-- Generated by org.testng.reporters.JUnitReportReporter -->
<testsuite hostname="s" failures="0" tests="1" name="testngpractise.ExtentReportsExamplesTestcase" time="1.310" errors="0" timestamp="2023-11-20T11:45:50 IST" skipped="0">
  <testcase classname="testngpractise.ExtentReportsExamplesTestcase" name="Login" time="1.310"/>
</testsuite> <!-- testngpractise.ExtentReportsExamplesTestcase -->
