<?xml version="1.0" encoding="UTF-8"?>
<!-- Generated by org.testng.reporters.JUnitReportReporter -->
<testsuite hostname="s" failures="0" tests="5" name="testngtask.Invocation" time="33.141" errors="0" timestamp="2023-11-16T12:16:42 IST" skipped="0">
  <testcase classname="testngtask.Invocation" name="loginfunction" time="5.803"/>
  <testcase classname="testngtask.Invocation" name="loginfunction" time="5.226"/>
  <testcase classname="testngtask.Invocation" name="loginfunction" time="5.286"/>
  <testcase classname="testngtask.Invocation" name="loginfunction" time="4.695"/>
  <testcase classname="testngtask.Invocation" name="loginfunction" time="12.131"/>
</testsuite> <!-- testngtask.Invocation -->
