<?xml version="1.0" encoding="UTF-8"?>
<!-- Generated by org.testng.reporters.JUnitReportReporter -->
<testsuite hostname="s" failures="0" tests="4" name="TestNGframeworkpractise.Examples" time="0.013" errors="0" timestamp="2023-11-10T15:23:48 IST" skipped="0">
  <testcase classname="TestNGframeworkpractise.Examples" name="mult" time="0.004"/>
  <testcase classname="TestNGframeworkpractise.Examples" name="sub" time="0.003"/>
  <testcase classname="TestNGframeworkpractise.Examples" name="sum" time="0.003"/>
  <testcase classname="TestNGframeworkpractise.Examples" name="div" time="0.003"/>
</testsuite> <!-- TestNGframeworkpractise.Examples -->
