<?xml version="1.0" encoding="UTF-8"?>
<!-- Generated by org.testng.reporters.JUnitReportReporter -->
<testsuite hostname="s" failures="0" tests="1" name="testngtask.TaskSoftAssert" time="4.952" errors="0" timestamp="2023-11-29T11:06:34 IST" skipped="0">
  <testcase classname="testngtask.TaskSoftAssert" name="loginFuncionality" time="4.952"/>
</testsuite> <!-- testngtask.TaskSoftAssert -->
