<?xml version="1.0" encoding="UTF-8"?>
<!-- Generated by org.testng.reporters.JUnitReportReporter -->
<testsuite hostname="s" failures="0" tests="1" name="TestNGframeworkpractise.AnnotationsExample" time="0.028" errors="0" timestamp="2023-11-10T14:40:54 IST" skipped="0">
  <testcase classname="TestNGframeworkpractise.AnnotationsExample" name="logout" time="0.028"/>
</testsuite> <!-- TestNGframeworkpractise.AnnotationsExample -->
