<?xml version="1.0" encoding="UTF-8"?>
<!-- Generated by org.testng.reporters.JUnitReportReporter -->
<testsuite hostname="s" failures="0" tests="3" name="testngtask.MeetMable" time="4.192" errors="0" timestamp="2023-11-28T20:17:44 IST" skipped="0">
  <testcase classname="testngtask.MeetMable" name="Login" time="3.771"/>
  <testcase classname="testngtask.MeetMable" name="openapplication" time="0.034"/>
  <testcase classname="testngtask.MeetMable" name="takescreenshot" time="0.387"/>
</testsuite> <!-- testngtask.MeetMable -->
