<?xml version="1.0" encoding="UTF-8"?>
<!-- Generated by org.testng.reporters.JUnitReportReporter -->
<testsuite hostname="s" failures="0" tests="1" name="TestNGframeworkpractise.Annotations" time="0.008" errors="0" timestamp="2023-11-10T15:23:48 IST" skipped="0">
  <testcase classname="TestNGframeworkpractise.Annotations" name="logout" time="0.008"/>
</testsuite> <!-- TestNGframeworkpractise.Annotations -->
