<?xml version="1.0" encoding="UTF-8"?>
<!-- Generated by org.testng.reporters.JUnitReportReporter -->
<testsuite hostname="s" failures="0" tests="1" name="testngtask.ExtentReportsTask" time="4.329" errors="0" timestamp="2023-11-21T11:14:52 IST" skipped="0">
  <testcase classname="testngtask.ExtentReportsTask" name="Login" time="4.329"/>
</testsuite> <!-- testngtask.ExtentReportsTask -->
