<?xml version="1.0" encoding="UTF-8"?>
<!-- Generated by org.testng.reporters.JUnitReportReporter -->
<testsuite hostname="s" failures="0" tests="4" name="testngpractise.GroupingTestCases" time="0.130" errors="0" timestamp="2023-11-15T10:36:19 IST" skipped="0">
  <testcase classname="testngpractise.GroupingTestCases" name="login" time="0.067"/>
  <testcase classname="testngpractise.GroupingTestCases" name="password" time="0.017"/>
  <testcase classname="testngpractise.GroupingTestCases" name="Functionality" time="0.024"/>
  <testcase classname="testngpractise.GroupingTestCases" name="logout" time="0.022"/>
</testsuite> <!-- testngpractise.GroupingTestCases -->
