<?xml version="1.0" encoding="UTF-8"?>
<!-- Generated by org.testng.reporters.JUnitReportReporter -->
<testsuite hostname="s" failures="0" tests="4" name="testngtask.GroupingTestcases" time="18.461" errors="0" timestamp="2023-11-16T11:42:50 IST" skipped="0">
  <testcase classname="testngtask.GroupingTestcases" name="open_application" time="11.424"/>
  <testcase classname="testngtask.GroupingTestcases" name="loginfunction" time="4.143"/>
  <testcase classname="testngtask.GroupingTestcases" name="clicklogout" time="2.102"/>
  <testcase classname="testngtask.GroupingTestcases" name="RegistrationFunctionality" time="0.792"/>
</testsuite> <!-- testngtask.GroupingTestcases -->
